<?xml version="1.0" encoding="UTF-8"?>
<testsuites tests="3" failures="0" disabled="0" errors="0" timestamp="2015-09-21T22:01:03" time="0.002" name="AllTests">
  <testsuite name="test_vector_it" tests="3" failures="0" disabled="0" errors="0" time="0.002">
    <testcase name="test_read" status="run" time="0.001" classname="test_vector_it" />
    <testcase name="test_sum1" status="run" time="0" classname="test_vector_it" />
    <testcase name="test_sum2" status="run" time="0.001" classname="test_vector_it" />
  </testsuite>
</testsuites>
