<?xml version="1.0" encoding="UTF-8"?>
<testsuites tests="13" failures="0" disabled="0" errors="0" timestamp="2015-10-08T18:21:04" time="0.001" name="AllTests">
  <testsuite name="test_wrapper" tests="5" failures="0" disabled="0" errors="0" time="0">
    <testcase name="test_bug_getId" status="run" time="0" classname="test_wrapper" />
    <testcase name="test_bug_getDesc" status="run" time="0" classname="test_wrapper" />
    <testcase name="test_bug_getPriority" status="run" time="0" classname="test_wrapper" />
    <testcase name="test_bug_fix" status="run" time="0" classname="test_wrapper" />
    <testcase name="test_bug_print" status="run" time="0" classname="test_wrapper" />
  </testsuite>
  <testsuite name="test_wrapper2" tests="2" failures="0" disabled="0" errors="0" time="0">
    <testcase name="test_bug_print_err" status="run" time="0" classname="test_wrapper2" />
    <testcase name="test_bug_err" status="run" time="0" classname="test_wrapper2" />
  </testsuite>
  <testsuite name="test_wrapper3" tests="4" failures="0" disabled="0" errors="0" time="0.001">
    <testcase name="test_software_getName" status="run" time="0" classname="test_wrapper3" />
    <testcase name="test_software_getRevision" status="run" time="0" classname="test_wrapper3" />
    <testcase name="test_software_bugs" status="run" time="0" classname="test_wrapper3" />
    <testcase name="test_software_print" status="run" time="0.001" classname="test_wrapper3" />
  </testsuite>
  <testsuite name="test_wrapper4" tests="2" failures="0" disabled="0" errors="0" time="0">
    <testcase name="test_software_print_err" status="run" time="0" classname="test_wrapper4" />
    <testcase name="test_software_err" status="run" time="0" classname="test_wrapper4" />
  </testsuite>
</testsuites>
