<?xml version="1.0" encoding="UTF-8"?>
<testsuites tests="3" failures="0" disabled="0" errors="0" timestamp="2015-09-21T22:26:16" time="0.017" name="AllTests">
  <testsuite name="test_list" tests="3" failures="0" disabled="0" errors="0" time="0.017">
    <testcase name="test_read" status="run" time="0.002" classname="test_list" />
    <testcase name="test_print" status="run" time="0.01" classname="test_list" />
    <testcase name="test_sort_and_unique" status="run" time="0.005" classname="test_list" />
  </testsuite>
</testsuites>
